<?xml version="1.0" encoding="UTF-8"?>
<testng-results ignored="0" total="5" passed="5" failed="0" skipped="0">
  <reporter-output>
  </reporter-output>
  <suite started-at="2023-06-22T17:38:26 PDT" name="Default suite" finished-at="2023-06-22T17:40:18 PDT" duration-ms="112514">
    <groups>
      <group name="cucumber">
        <method signature="AbstractTestNGCucumberTests.runScenario(io.cucumber.testng.PickleWrapper,io.cucumber.testng.FeatureWrapper)[pri:0, instance:com.SeleniumAutomationCucumberFramework.runner.LoginRunner@242b836]" name="runScenario" class="io.cucumber.testng.AbstractTestNGCucumberTests"/>
      </group> <!-- cucumber -->
    </groups>
    <test started-at="2023-06-22T17:38:26 PDT" name="Default test" finished-at="2023-06-22T17:40:18 PDT" duration-ms="112514">
      <class name="com.SeleniumAutomationCucumberFramework.runner.LoginRunner">
        <test-method is-config="true" signature="setUpClass(org.testng.ITestContext)[pri:0, instance:com.SeleniumAutomationCucumberFramework.runner.LoginRunner@242b836]" started-at="2023-06-22T17:38:26 PDT" name="setUpClass" finished-at="2023-06-22T17:38:26 PDT" duration-ms="251" status="PASS">
          <params>
            <param index="0">
              <value>
                <![CDATA[org.testng.TestRunner@58606c91]]>
              </value>
            </param>
          </params>
          <reporter-output>
          </reporter-output>
        </test-method> <!-- setUpClass -->
        <test-method signature="runScenario(io.cucumber.testng.PickleWrapper,io.cucumber.testng.FeatureWrapper)[pri:0, instance:com.SeleniumAutomationCucumberFramework.runner.LoginRunner@242b836]" started-at="2023-06-22T17:38:26 PDT" name="runScenario" description="Runs Cucumber Scenarios" data-provider="scenarios" finished-at="2023-06-22T17:38:51 PDT" duration-ms="25376" status="PASS">
          <params>
            <param index="0">
              <value>
                <![CDATA["Login with valid username and password"]]>
              </value>
            </param>
            <param index="1">
              <value>
                <![CDATA["SalesForce Login Functionality"]]>
              </value>
            </param>
          </params>
          <reporter-output>
          </reporter-output>
        </test-method> <!-- runScenario -->
        <test-method signature="runScenario(io.cucumber.testng.PickleWrapper,io.cucumber.testng.FeatureWrapper)[pri:0, instance:com.SeleniumAutomationCucumberFramework.runner.LoginRunner@242b836]" started-at="2023-06-22T17:38:51 PDT" name="runScenario" description="Runs Cucumber Scenarios" data-provider="scenarios" finished-at="2023-06-22T17:39:10 PDT" duration-ms="18591" status="PASS">
          <params>
            <param index="0">
              <value>
                <![CDATA["Login with valid username and blank password"]]>
              </value>
            </param>
            <param index="1">
              <value>
                <![CDATA["SalesForce Login Functionality"]]>
              </value>
            </param>
          </params>
          <reporter-output>
          </reporter-output>
        </test-method> <!-- runScenario -->
        <test-method signature="runScenario(io.cucumber.testng.PickleWrapper,io.cucumber.testng.FeatureWrapper)[pri:0, instance:com.SeleniumAutomationCucumberFramework.runner.LoginRunner@242b836]" started-at="2023-06-22T17:39:10 PDT" name="runScenario" description="Runs Cucumber Scenarios" data-provider="scenarios" finished-at="2023-06-22T17:39:46 PDT" duration-ms="35791" status="PASS">
          <params>
            <param index="0">
              <value>
                <![CDATA["Remember Me functionality"]]>
              </value>
            </param>
            <param index="1">
              <value>
                <![CDATA["SalesForce Login Functionality"]]>
              </value>
            </param>
          </params>
          <reporter-output>
          </reporter-output>
        </test-method> <!-- runScenario -->
        <test-method signature="runScenario(io.cucumber.testng.PickleWrapper,io.cucumber.testng.FeatureWrapper)[pri:0, instance:com.SeleniumAutomationCucumberFramework.runner.LoginRunner@242b836]" started-at="2023-06-22T17:39:46 PDT" name="runScenario" description="Runs Cucumber Scenarios" data-provider="scenarios" finished-at="2023-06-22T17:40:01 PDT" duration-ms="15116" status="PASS">
          <params>
            <param index="0">
              <value>
                <![CDATA["Forgot Password Test A"]]>
              </value>
            </param>
            <param index="1">
              <value>
                <![CDATA["SalesForce Login Functionality"]]>
              </value>
            </param>
          </params>
          <reporter-output>
          </reporter-output>
        </test-method> <!-- runScenario -->
        <test-method signature="runScenario(io.cucumber.testng.PickleWrapper,io.cucumber.testng.FeatureWrapper)[pri:0, instance:com.SeleniumAutomationCucumberFramework.runner.LoginRunner@242b836]" started-at="2023-06-22T17:40:01 PDT" name="runScenario" description="Runs Cucumber Scenarios" data-provider="scenarios" finished-at="2023-06-22T17:40:18 PDT" duration-ms="17299" status="PASS">
          <params>
            <param index="0">
              <value>
                <![CDATA["Forgot Password Test B"]]>
              </value>
            </param>
            <param index="1">
              <value>
                <![CDATA["SalesForce Login Functionality"]]>
              </value>
            </param>
          </params>
          <reporter-output>
          </reporter-output>
        </test-method> <!-- runScenario -->
        <test-method is-config="true" signature="tearDownClass()[pri:0, instance:com.SeleniumAutomationCucumberFramework.runner.LoginRunner@242b836]" started-at="2023-06-22T17:40:18 PDT" name="tearDownClass" finished-at="2023-06-22T17:40:18 PDT" duration-ms="11" status="PASS">
          <reporter-output>
          </reporter-output>
        </test-method> <!-- tearDownClass -->
      </class> <!-- com.SeleniumAutomationCucumberFramework.runner.LoginRunner -->
    </test> <!-- Default test -->
  </suite> <!-- Default suite -->
</testng-results>
